    1    1    0.10099E+01    0.49925E+00    0.11688E-01    0.50875E-02    0.25916E-02    0.25893E-02    0.41663E-01    0.33393E-01    0.45082E-01
    2    1    0.98799E+00    0.50780E+00    0.17020E-01    0.50687E-02    0.25794E-02    0.25751E-02    0.39112E-01    0.30940E-01    0.38341E-01
    3    1    0.97244E+00    0.51675E+00    0.15578E-01    0.50482E-02    0.25665E-02    0.25615E-02    0.36789E-01    0.28712E-01    0.32353E-01
    4    1    0.96371E+00    0.52301E+00    0.12623E-01    0.50273E-02    0.25536E-02    0.25487E-02    0.34852E-01    0.26861E-01    0.27521E-01
    5    1    0.95851E+00    0.52741E+00    0.93146E-02    0.50062E-02    0.25408E-02    0.25366E-02    0.33175E-01    0.25269E-01    0.23489E-01
    6    1    0.95539E+00    0.53069E+00    0.60606E-02    0.49850E-02    0.25281E-02    0.25250E-02    0.31674E-01    0.23848E-01    0.19930E-01
    7    1    0.95342E+00    0.53338E+00    0.29137E-02    0.49638E-02    0.25155E-02    0.25138E-02    0.30250E-01    0.22500E-01    0.16584E-01
    8    1    0.95221E+00    0.53566E+00   -0.17693E-03    0.49426E-02    0.25029E-02    0.25027E-02    0.28830E-01    0.21158E-01    0.13272E-01
    9    1    0.95205E+00    0.53738E+00   -0.32051E-02    0.49216E-02    0.24906E-02    0.24924E-02    0.27491E-01    0.19897E-01    0.10200E-01
   10    1    0.95292E+00    0.53850E+00   -0.61120E-02    0.49009E-02    0.24786E-02    0.24829E-02    0.26319E-01    0.18796E-01    0.75894E-02
   11    1    0.95471E+00    0.53933E+00   -0.89055E-02    0.48804E-02    0.24669E-02    0.24740E-02    0.25242E-01    0.17788E-01    0.52494E-02
   12    1    0.95740E+00    0.53932E+00   -0.11545E-01    0.48602E-02    0.24554E-02    0.24656E-02    0.24351E-01    0.16958E-01    0.34131E-02
   13    1    0.96060E+00    0.53916E+00   -0.14067E-01    0.48403E-02    0.24441E-02    0.24577E-02    0.23531E-01    0.16196E-01    0.17733E-02
   14    1    0.96421E+00    0.53878E+00   -0.16490E-01    0.48207E-02    0.24331E-02    0.24502E-02    0.22790E-01    0.15511E-01    0.35268E-03
   15    1    0.96814E+00    0.53821E+00   -0.18830E-01    0.48014E-02    0.24222E-02    0.24430E-02    0.22116E-01    0.14892E-01   -0.88412E-03
   16    1    0.97231E+00    0.53751E+00   -0.21096E-01    0.47823E-02    0.24116E-02    0.24361E-02    0.21498E-01    0.14326E-01   -0.19706E-02
   17    1    0.97666E+00    0.53670E+00   -0.23300E-01    0.47635E-02    0.24011E-02    0.24294E-02    0.20925E-01    0.13804E-01   -0.29334E-02
   18    1    0.98113E+00    0.53583E+00   -0.25449E-01    0.47449E-02    0.23908E-02    0.24229E-02    0.20391E-01    0.13320E-01   -0.37914E-02
   19    1    0.98568E+00    0.53490E+00   -0.27552E-01    0.47267E-02    0.23807E-02    0.24166E-02    0.19888E-01    0.12866E-01   -0.45657E-02
   20    1    0.99027E+00    0.53395E+00   -0.29614E-01    0.47086E-02    0.23707E-02    0.24105E-02    0.19410E-01    0.12437E-01   -0.52727E-02
   21    1    0.99488E+00    0.53298E+00   -0.31643E-01    0.46908E-02    0.23609E-02    0.24045E-02    0.18953E-01    0.12028E-01   -0.59256E-02
   22    1    0.99949E+00    0.53202E+00   -0.33642E-01    0.46733E-02    0.23513E-02    0.23987E-02    0.18512E-01    0.11636E-01   -0.65348E-02
   23    1    0.10041E+01    0.53106E+00   -0.35616E-01    0.46559E-02    0.23418E-02    0.23930E-02    0.18084E-01    0.11256E-01   -0.71093E-02
   24    1    0.10086E+01    0.53012E+00   -0.37569E-01    0.46388E-02    0.23324E-02    0.23874E-02    0.17667E-01    0.10888E-01   -0.76565E-02
   25    1    0.10131E+01    0.52919E+00   -0.39502E-01    0.46219E-02    0.23232E-02    0.23820E-02    0.17259E-01    0.10528E-01   -0.81818E-02
   26    1    0.10176E+01    0.52828E+00   -0.41419E-01    0.46053E-02    0.23141E-02    0.23768E-02    0.16857E-01    0.10176E-01   -0.86888E-02
   27    1    0.10220E+01    0.52740E+00   -0.43320E-01    0.45888E-02    0.23051E-02    0.23717E-02    0.16462E-01    0.98299E-02   -0.91806E-02
   28    1    0.10264E+01    0.52654E+00   -0.45209E-01    0.45725E-02    0.22963E-02    0.23667E-02    0.16072E-01    0.94892E-02   -0.96605E-02
   29    1    0.10307E+01    0.52570E+00   -0.47085E-01    0.45565E-02    0.22876E-02    0.23618E-02    0.15686E-01    0.91535E-02   -0.10129E-01
   30    1    0.10350E+01    0.52489E+00   -0.48950E-01    0.45407E-02    0.22790E-02    0.23571E-02    0.15304E-01    0.88219E-02   -0.10589E-01
   31    1    0.10392E+01    0.52409E+00   -0.50805E-01    0.45250E-02    0.22706E-02    0.23526E-02    0.14925E-01    0.84936E-02   -0.11043E-01
   32    1    0.10434E+01    0.52333E+00   -0.52651E-01    0.45096E-02    0.22623E-02    0.23481E-02    0.14549E-01    0.81685E-02   -0.11490E-01
   33    1    0.10475E+01    0.52258E+00   -0.54489E-01    0.44943E-02    0.22541E-02    0.23439E-02    0.14175E-01    0.78462E-02   -0.11933E-01
   34    1    0.10516E+01    0.52185E+00   -0.56320E-01    0.44792E-02    0.22461E-02    0.23397E-02    0.13803E-01    0.75263E-02   -0.12371E-01
   35    1    0.10557E+01    0.52114E+00   -0.58143E-01    0.44643E-02    0.22381E-02    0.23357E-02    0.13434E-01    0.72090E-02   -0.12805E-01
   36    1    0.10597E+01    0.52045E+00   -0.59960E-01    0.44496E-02    0.22303E-02    0.23319E-02    0.13065E-01    0.68932E-02   -0.13237E-01
   37    1    0.10637E+01    0.51978E+00   -0.61771E-01    0.44351E-02    0.22226E-02    0.23282E-02    0.12697E-01    0.65788E-02   -0.13668E-01
   38    1    0.10676E+01    0.51912E+00   -0.63577E-01    0.44207E-02    0.22151E-02    0.23247E-02    0.12331E-01    0.62664E-02   -0.14096E-01
   39    1    0.10715E+01    0.51849E+00   -0.65378E-01    0.44065E-02    0.22076E-02    0.23213E-02    0.11966E-01    0.59552E-02   -0.14523E-01
   40    1    0.10753E+01    0.51786E+00   -0.67176E-01    0.43925E-02    0.22003E-02    0.23180E-02    0.11601E-01    0.56449E-02   -0.14950E-01
   41    1    0.10792E+01    0.51726E+00   -0.68969E-01    0.43787E-02    0.21931E-02    0.23149E-02    0.11238E-01    0.53360E-02   -0.15375E-01
   42    1    0.10830E+01    0.51666E+00   -0.70758E-01    0.43650E-02    0.21860E-02    0.23119E-02    0.10875E-01    0.50287E-02   -0.15799E-01
   43    1    0.10867E+01    0.51607E+00   -0.72544E-01    0.43515E-02    0.21790E-02    0.23091E-02    0.10513E-01    0.47228E-02   -0.16221E-01
   44    1    0.10905E+01    0.51550E+00   -0.74327E-01    0.43382E-02    0.21722E-02    0.23064E-02    0.10152E-01    0.44178E-02   -0.16643E-01
   45    1    0.10942E+01    0.51494E+00   -0.76107E-01    0.43250E-02    0.21654E-02    0.23039E-02    0.97919E-02    0.41139E-02   -0.17064E-01
   46    1    0.10979E+01    0.51439E+00   -0.77885E-01    0.43120E-02    0.21588E-02    0.23016E-02    0.94324E-02    0.38112E-02   -0.17485E-01
   47    1    0.11016E+01    0.51384E+00   -0.79661E-01    0.42991E-02    0.21522E-02    0.22993E-02    0.90737E-02    0.35096E-02   -0.17904E-01
   48    1    0.11053E+01    0.51331E+00   -0.81435E-01    0.42864E-02    0.21458E-02    0.22972E-02    0.87157E-02    0.32092E-02   -0.18323E-01
   49    1    0.11089E+01    0.51278E+00   -0.83207E-01    0.42739E-02    0.21395E-02    0.22953E-02    0.83584E-02    0.29098E-02   -0.18740E-01
   50    1    0.11125E+01    0.51226E+00   -0.84978E-01    0.42615E-02    0.21333E-02    0.22935E-02    0.80020E-02    0.26117E-02   -0.19157E-01
   51    1    0.11161E+01    0.51175E+00   -0.86747E-01    0.42492E-02    0.21272E-02    0.22919E-02    0.76464E-02    0.23147E-02   -0.19573E-01
   52    1    0.11197E+01    0.51124E+00   -0.88516E-01    0.42371E-02    0.21212E-02    0.22904E-02    0.72917E-02    0.20189E-02   -0.19987E-01
   53    1    0.11233E+01    0.51074E+00   -0.90283E-01    0.42252E-02    0.21153E-02    0.22890E-02    0.69381E-02    0.17245E-02   -0.20400E-01
   54    1    0.11269E+01    0.51024E+00   -0.92050E-01    0.42134E-02    0.21095E-02    0.22878E-02    0.65857E-02    0.14316E-02   -0.20811E-01
   55    1    0.11305E+01    0.50974E+00   -0.93817E-01    0.42018E-02    0.21039E-02    0.22867E-02    0.62346E-02    0.11403E-02   -0.21219E-01
   56    1    0.11340E+01    0.50925E+00   -0.95582E-01    0.41903E-02    0.20983E-02    0.22858E-02    0.58851E-02    0.85088E-03   -0.21624E-01
   57    1    0.11376E+01    0.50876E+00   -0.97348E-01    0.41789E-02    0.20928E-02    0.22850E-02    0.55372E-02    0.56329E-03   -0.22027E-01
   58    1    0.11411E+01    0.50827E+00   -0.99112E-01    0.41677E-02    0.20874E-02    0.22843E-02    0.51910E-02    0.27762E-03   -0.22426E-01
   59    1    0.11447E+01    0.50779E+00   -0.10088E+00    0.41566E-02    0.20821E-02    0.22838E-02    0.48468E-02   -0.58760E-05   -0.22821E-01
   60    1    0.11482E+01    0.50730E+00   -0.10264E+00    0.41457E-02    0.20770E-02    0.22834E-02    0.45050E-02   -0.28682E-03   -0.23212E-01
   61    1    0.11518E+01    0.50681E+00   -0.10440E+00    0.41349E-02    0.20719E-02    0.22831E-02    0.41656E-02   -0.56514E-03   -0.23597E-01
   62    1    0.11553E+01    0.50632E+00   -0.10617E+00    0.41242E-02    0.20669E-02    0.22829E-02    0.38292E-02   -0.84042E-03   -0.23976E-01
   63    1    0.11589E+01    0.50582E+00   -0.10792E+00    0.41137E-02    0.20620E-02    0.22829E-02    0.34970E-02   -0.11114E-02   -0.24345E-01
   64    1    0.11625E+01    0.50532E+00   -0.10965E+00    0.41033E-02    0.20572E-02    0.22831E-02    0.31700E-02   -0.13772E-02   -0.24702E-01
   65    1    0.11661E+01    0.50481E+00   -0.11137E+00    0.40930E-02    0.20525E-02    0.22833E-02    0.28482E-02   -0.16379E-02   -0.25047E-01
   66    1    0.11697E+01    0.50430E+00   -0.11306E+00    0.40829E-02    0.20479E-02    0.22836E-02    0.25317E-02   -0.18934E-02   -0.25380E-01
   67    1    0.11733E+01    0.50378E+00   -0.11473E+00    0.40729E-02    0.20434E-02    0.22841E-02    0.22199E-02   -0.21441E-02   -0.25702E-01
   68    1    0.11769E+01    0.50327E+00   -0.11638E+00    0.40630E-02    0.20389E-02    0.22847E-02    0.19125E-02   -0.23906E-02   -0.26014E-01
   69    1    0.11805E+01    0.50276E+00   -0.11802E+00    0.40533E-02    0.20346E-02    0.22853E-02    0.16083E-02   -0.26338E-02   -0.26321E-01
   70    1    0.11841E+01    0.50225E+00   -0.11964E+00    0.40436E-02    0.20303E-02    0.22861E-02    0.13072E-02   -0.28740E-02   -0.26620E-01
   71    1    0.11876E+01    0.50175E+00   -0.12124E+00    0.40341E-02    0.20261E-02    0.22869E-02    0.10094E-02   -0.31108E-02   -0.26914E-01
   72    1    0.11912E+01    0.50126E+00   -0.12283E+00    0.40247E-02    0.20220E-02    0.22879E-02    0.71435E-03   -0.33450E-02   -0.27202E-01
   73    1    0.11947E+01    0.50078E+00   -0.12441E+00    0.40155E-02    0.20179E-02    0.22889E-02    0.42117E-03   -0.35772E-02   -0.27487E-01
   74    1    0.11982E+01    0.50031E+00   -0.12597E+00    0.40063E-02    0.20140E-02    0.22901E-02    0.13046E-03   -0.38068E-02   -0.27767E-01
   75    1    0.12016E+01    0.49984E+00   -0.12752E+00    0.39973E-02    0.20101E-02    0.22913E-02   -0.15765E-03   -0.40340E-02   -0.28043E-01
   76    1    0.12051E+01    0.49938E+00   -0.12906E+00    0.39883E-02    0.20063E-02    0.22927E-02   -0.44380E-03   -0.42591E-02   -0.28315E-01
   77    1    0.12085E+01    0.49893E+00   -0.13059E+00    0.39795E-02    0.20026E-02    0.22941E-02   -0.72823E-03   -0.44825E-02   -0.28585E-01
   78    1    0.12119E+01    0.49848E+00   -0.13210E+00    0.39708E-02    0.19990E-02    0.22956E-02   -0.10102E-02   -0.47034E-02   -0.28851E-01
   79    1    0.12153E+01    0.49805E+00   -0.13361E+00    0.39622E-02    0.19954E-02    0.22973E-02   -0.12906E-02   -0.49227E-02   -0.29114E-01
   80    1    0.12187E+01    0.49762E+00   -0.13510E+00    0.39537E-02    0.19919E-02    0.22990E-02   -0.15697E-02   -0.51407E-02   -0.29377E-01
   81    1    0.12220E+01    0.49719E+00   -0.13658E+00    0.39453E-02    0.19885E-02    0.23008E-02   -0.18464E-02   -0.53564E-02   -0.29635E-01
   82    1    0.12254E+01    0.49678E+00   -0.13806E+00    0.39371E-02    0.19851E-02    0.23027E-02   -0.21214E-02   -0.55703E-02   -0.29890E-01
   83    1    0.12287E+01    0.49637E+00   -0.13952E+00    0.39289E-02    0.19818E-02    0.23046E-02   -0.23950E-02   -0.57827E-02   -0.30144E-01
   84    1    0.12320E+01    0.49596E+00   -0.14097E+00    0.39208E-02    0.19786E-02    0.23067E-02   -0.26661E-02   -0.59929E-02   -0.30393E-01
   85    1    0.12353E+01    0.49556E+00   -0.14241E+00    0.39129E-02    0.19755E-02    0.23089E-02   -0.29361E-02   -0.62017E-02   -0.30641E-01
   86    1    0.12385E+01    0.49517E+00   -0.14385E+00    0.39050E-02    0.19724E-02    0.23111E-02   -0.32051E-02   -0.64097E-02   -0.30889E-01
   87    1    0.12418E+01    0.49478E+00   -0.14527E+00    0.38973E-02    0.19695E-02    0.23135E-02   -0.34720E-02   -0.66155E-02   -0.31133E-01
   88    1    0.12450E+01    0.49440E+00   -0.14669E+00    0.38896E-02    0.19665E-02    0.23159E-02   -0.37379E-02   -0.68204E-02   -0.31377E-01
   89    1    0.12482E+01    0.49402E+00   -0.14809E+00    0.38820E-02    0.19637E-02    0.23184E-02   -0.40026E-02   -0.70240E-02   -0.31619E-01
   90    1    0.12514E+01    0.49365E+00   -0.14949E+00    0.38746E-02    0.19609E-02    0.23210E-02   -0.42654E-02   -0.72258E-02   -0.31859E-01
   91    1    0.12546E+01    0.49329E+00   -0.15089E+00    0.38672E-02    0.19582E-02    0.23237E-02   -0.45274E-02   -0.74268E-02   -0.32099E-01
   92    1    0.12578E+01    0.49293E+00   -0.15227E+00    0.38600E-02    0.19555E-02    0.23264E-02   -0.47878E-02   -0.76261E-02   -0.32335E-01
   93    1    0.12609E+01    0.49257E+00   -0.15364E+00    0.38528E-02    0.19529E-02    0.23293E-02   -0.50466E-02   -0.78240E-02   -0.32571E-01
   94    1    0.12641E+01    0.49222E+00   -0.15501E+00    0.38457E-02    0.19504E-02    0.23322E-02   -0.53047E-02   -0.80212E-02   -0.32806E-01
   95    1    0.12672E+01    0.49187E+00   -0.15637E+00    0.38387E-02    0.19480E-02    0.23352E-02   -0.55608E-02   -0.82163E-02   -0.33037E-01
   96    1    0.12703E+01    0.49153E+00   -0.15773E+00    0.38319E-02    0.19456E-02    0.23383E-02   -0.58161E-02   -0.84108E-02   -0.33269E-01
   97    1    0.12734E+01    0.49120E+00   -0.15908E+00    0.38251E-02    0.19433E-02    0.23415E-02   -0.60708E-02   -0.86046E-02   -0.33501E-01
   98    1    0.12764E+01    0.49087E+00   -0.16042E+00    0.38184E-02    0.19410E-02    0.23448E-02   -0.63236E-02   -0.87966E-02   -0.33730E-01
   99    1    0.12795E+01    0.49055E+00   -0.16175E+00    0.38118E-02    0.19388E-02    0.23481E-02   -0.65762E-02   -0.89883E-02   -0.33960E-01
  100    1    0.12825E+01    0.49023E+00   -0.16308E+00    0.38053E-02    0.19367E-02    0.23516E-02   -0.68273E-02   -0.91786E-02   -0.34189E-01
  101    1    0.12855E+01    0.48992E+00   -0.16441E+00    0.37988E-02    0.19346E-02    0.23551E-02   -0.70770E-02   -0.93676E-02   -0.34415E-01
  102    1    0.12885E+01    0.48961E+00   -0.16572E+00    0.37925E-02    0.19326E-02    0.23587E-02   -0.73263E-02   -0.95561E-02   -0.34642E-01
  103    1    0.12915E+01    0.48930E+00   -0.16704E+00    0.37863E-02    0.19307E-02    0.23624E-02   -0.75736E-02   -0.97428E-02   -0.34867E-01
  104    1    0.12945E+01    0.48900E+00   -0.16834E+00    0.37801E-02    0.19288E-02    0.23662E-02   -0.78204E-02   -0.99289E-02   -0.35091E-01
  105    1    0.12974E+01    0.48871E+00   -0.16964E+00    0.37741E-02    0.19270E-02    0.23700E-02   -0.80668E-02   -0.10115E-01   -0.35316E-01
  106    1    0.13004E+01    0.48842E+00   -0.17094E+00    0.37681E-02    0.19253E-02    0.23740E-02   -0.83114E-02   -0.10299E-01   -0.35539E-01
  107    1    0.13033E+01    0.48814E+00   -0.17223E+00    0.37622E-02    0.19236E-02    0.23780E-02   -0.85561E-02   -0.10483E-01   -0.35763E-01
  108    1    0.13062E+01    0.48786E+00   -0.17352E+00    0.37564E-02    0.19219E-02    0.23821E-02   -0.87998E-02   -0.10666E-01   -0.35987E-01
  109    1    0.13090E+01    0.48759E+00   -0.17480E+00    0.37507E-02    0.19204E-02    0.23863E-02   -0.90424E-02   -0.10848E-01   -0.36209E-01
  110    1    0.13119E+01    0.48732E+00   -0.17608E+00    0.37451E-02    0.19189E-02    0.23905E-02   -0.92853E-02   -0.11031E-01   -0.36434E-01
  111    1    0.13147E+01    0.48706E+00   -0.17735E+00    0.37395E-02    0.19174E-02    0.23949E-02   -0.95269E-02   -0.11212E-01   -0.36658E-01
  112    1    0.13176E+01    0.48680E+00   -0.17862E+00    0.37341E-02    0.19161E-02    0.23993E-02   -0.97676E-02   -0.11392E-01   -0.36880E-01
  113    1    0.13204E+01    0.48655E+00   -0.17989E+00    0.37287E-02    0.19147E-02    0.24039E-02   -0.10008E-01   -0.11572E-01   -0.37105E-01
  114    1    0.13232E+01    0.48630E+00   -0.18115E+00    0.37234E-02    0.19135E-02    0.24085E-02   -0.10247E-01   -0.11751E-01   -0.37326E-01
  115    1    0.13259E+01    0.48605E+00   -0.18241E+00    0.37182E-02    0.19123E-02    0.24132E-02   -0.10485E-01   -0.11929E-01   -0.37548E-01
  116    1    0.13287E+01    0.48581E+00   -0.18366E+00    0.37131E-02    0.19112E-02    0.24180E-02   -0.10723E-01   -0.12107E-01   -0.37770E-01
  117    1    0.13314E+01    0.48557E+00   -0.18492E+00    0.37080E-02    0.19101E-02    0.24228E-02   -0.10960E-01   -0.12283E-01   -0.37990E-01
  118    1    0.13342E+01    0.48534E+00   -0.18616E+00    0.37031E-02    0.19091E-02    0.24278E-02   -0.11196E-01   -0.12459E-01   -0.38210E-01
  119    1    0.13369E+01    0.48511E+00   -0.18741E+00    0.36982E-02    0.19081E-02    0.24328E-02   -0.11431E-01   -0.12635E-01   -0.38431E-01
  120    1    0.13395E+01    0.48489E+00   -0.18865E+00    0.36934E-02    0.19072E-02    0.24380E-02   -0.11666E-01   -0.12810E-01   -0.38652E-01
  121    1    0.13422E+01    0.48468E+00   -0.18989E+00    0.36887E-02    0.19064E-02    0.24432E-02   -0.11901E-01   -0.12984E-01   -0.38874E-01
  122    1    0.13448E+01    0.48447E+00   -0.19113E+00    0.36841E-02    0.19056E-02    0.24485E-02   -0.12136E-01   -0.13159E-01   -0.39098E-01
  123    1    0.13475E+01    0.48426E+00   -0.19236E+00    0.36796E-02    0.19049E-02    0.24539E-02   -0.12370E-01   -0.13334E-01   -0.39323E-01
  124    1    0.13501E+01    0.48406E+00   -0.19359E+00    0.36751E-02    0.19042E-02    0.24594E-02   -0.12604E-01   -0.13508E-01   -0.39546E-01
  125    1    0.13526E+01    0.48387E+00   -0.19483E+00    0.36708E-02    0.19037E-02    0.24649E-02   -0.12838E-01   -0.13682E-01   -0.39773E-01
  126    1    0.13552E+01    0.48368E+00   -0.19605E+00    0.36665E-02    0.19031E-02    0.24706E-02   -0.13072E-01   -0.13856E-01   -0.39999E-01
  127    1    0.13577E+01    0.48349E+00   -0.19728E+00    0.36623E-02    0.19027E-02    0.24764E-02   -0.13305E-01   -0.14029E-01   -0.40225E-01
  128    1    0.13603E+01    0.48331E+00   -0.19851E+00    0.36582E-02    0.19023E-02    0.24822E-02   -0.13537E-01   -0.14202E-01   -0.40452E-01
  129    1    0.13628E+01    0.48313E+00   -0.19973E+00    0.36541E-02    0.19019E-02    0.24882E-02   -0.13770E-01   -0.14374E-01   -0.40679E-01
  130    1    0.13653E+01    0.48295E+00   -0.20095E+00    0.36502E-02    0.19016E-02    0.24942E-02   -0.14001E-01   -0.14546E-01   -0.40905E-01
  131    1    0.13677E+01    0.48278E+00   -0.20217E+00    0.36463E-02    0.19014E-02    0.25004E-02   -0.14231E-01   -0.14717E-01   -0.41130E-01
  132    1    0.13702E+01    0.48261E+00   -0.20339E+00    0.36425E-02    0.19012E-02    0.25066E-02   -0.14461E-01   -0.14887E-01   -0.41356E-01
  133    1    0.13726E+01    0.48245E+00   -0.20460E+00    0.36388E-02    0.19011E-02    0.25129E-02   -0.14691E-01   -0.15058E-01   -0.41582E-01
  134    1    0.13750E+01    0.48229E+00   -0.20582E+00    0.36351E-02    0.19011E-02    0.25193E-02   -0.14921E-01   -0.15228E-01   -0.41810E-01
  135    1    0.13774E+01    0.48214E+00   -0.20703E+00    0.36316E-02    0.19011E-02    0.25259E-02   -0.15151E-01   -0.15399E-01   -0.42039E-01
  136    1    0.13798E+01    0.48199E+00   -0.20825E+00    0.36281E-02    0.19012E-02    0.25325E-02   -0.15381E-01   -0.15569E-01   -0.42269E-01
  137    1    0.13821E+01    0.48185E+00   -0.20946E+00    0.36247E-02    0.19013E-02    0.25392E-02   -0.15610E-01   -0.15739E-01   -0.42499E-01
  138    1    0.13844E+01    0.48171E+00   -0.21067E+00    0.36214E-02    0.19015E-02    0.25460E-02   -0.15839E-01   -0.15909E-01   -0.42730E-01
  139    1    0.13867E+01    0.48158E+00   -0.21188E+00    0.36182E-02    0.19018E-02    0.25530E-02   -0.16069E-01   -0.16079E-01   -0.42963E-01
  140    1    0.13890E+01    0.48145E+00   -0.21310E+00    0.36150E-02    0.19022E-02    0.25600E-02   -0.16298E-01   -0.16249E-01   -0.43196E-01
  141    1    0.13912E+01    0.48132E+00   -0.21431E+00    0.36120E-02    0.19026E-02    0.25671E-02   -0.16526E-01   -0.16418E-01   -0.43429E-01
  142    1    0.13934E+01    0.48120E+00   -0.21552E+00    0.36090E-02    0.19030E-02    0.25744E-02   -0.16755E-01   -0.16588E-01   -0.43664E-01
  143    1    0.13956E+01    0.48109E+00   -0.21673E+00    0.36061E-02    0.19035E-02    0.25817E-02   -0.16984E-01   -0.16758E-01   -0.43900E-01
  144    1    0.13978E+01    0.48098E+00   -0.21794E+00    0.36033E-02    0.19041E-02    0.25892E-02   -0.17213E-01   -0.16927E-01   -0.44137E-01
  145    1    0.14000E+01    0.48088E+00   -0.21916E+00    0.36005E-02    0.19048E-02    0.25967E-02   -0.17442E-01   -0.17097E-01   -0.44376E-01
  146    1    0.14021E+01    0.48077E+00   -0.22037E+00    0.35979E-02    0.19055E-02    0.26044E-02   -0.17671E-01   -0.17267E-01   -0.44614E-01
  147    1    0.14042E+01    0.48068E+00   -0.22158E+00    0.35953E-02    0.19063E-02    0.26122E-02   -0.17899E-01   -0.17436E-01   -0.44851E-01
  148    1    0.14063E+01    0.48058E+00   -0.22279E+00    0.35928E-02    0.19071E-02    0.26201E-02   -0.18126E-01   -0.17604E-01   -0.45090E-01
  149    1    0.14084E+01    0.48049E+00   -0.22401E+00    0.35904E-02    0.19081E-02    0.26281E-02   -0.18354E-01   -0.17773E-01   -0.45329E-01
  150    1    0.14104E+01    0.48041E+00   -0.22522E+00    0.35881E-02    0.19090E-02    0.26362E-02   -0.18582E-01   -0.17942E-01   -0.45570E-01
  151    1    0.14125E+01    0.48033E+00   -0.22644E+00    0.35859E-02    0.19101E-02    0.26444E-02   -0.18810E-01   -0.18111E-01   -0.45811E-01
  152    1    0.14145E+01    0.48025E+00   -0.22765E+00    0.35837E-02    0.19112E-02    0.26528E-02   -0.19038E-01   -0.18280E-01   -0.46052E-01
  153    1    0.14164E+01    0.48018E+00   -0.22887E+00    0.35817E-02    0.19124E-02    0.26613E-02   -0.19265E-01   -0.18448E-01   -0.46295E-01
  154    1    0.14183E+01    0.48012E+00   -0.23009E+00    0.35797E-02    0.19136E-02    0.26699E-02   -0.19493E-01   -0.18617E-01   -0.46540E-01
  155    1    0.14202E+01    0.48006E+00   -0.23131E+00    0.35778E-02    0.19150E-02    0.26786E-02   -0.19723E-01   -0.18788E-01   -0.46788E-01
  156    1    0.14221E+01    0.48002E+00   -0.23253E+00    0.35760E-02    0.19164E-02    0.26874E-02   -0.19953E-01   -0.18959E-01   -0.47041E-01
  157    1    0.14239E+01    0.47998E+00   -0.23376E+00    0.35743E-02    0.19178E-02    0.26964E-02   -0.20185E-01   -0.19132E-01   -0.47297E-01
  158    1    0.14257E+01    0.47995E+00   -0.23499E+00    0.35726E-02    0.19194E-02    0.27055E-02   -0.20417E-01   -0.19305E-01   -0.47554E-01
  159    1    0.14275E+01    0.47992E+00   -0.23622E+00    0.35711E-02    0.19210E-02    0.27148E-02   -0.20649E-01   -0.19478E-01   -0.47813E-01
  160    1    0.14292E+01    0.47989E+00   -0.23746E+00    0.35696E-02    0.19227E-02    0.27242E-02   -0.20881E-01   -0.19651E-01   -0.48071E-01
  161    1    0.14309E+01    0.47986E+00   -0.23869E+00    0.35683E-02    0.19244E-02    0.27337E-02   -0.21113E-01   -0.19824E-01   -0.48330E-01
  162    1    0.14327E+01    0.47983E+00   -0.23993E+00    0.35670E-02    0.19263E-02    0.27433E-02   -0.21344E-01   -0.19996E-01   -0.48588E-01
  163    1    0.14344E+01    0.47981E+00   -0.24116E+00    0.35658E-02    0.19282E-02    0.27531E-02   -0.21576E-01   -0.20168E-01   -0.48848E-01
  164    1    0.14360E+01    0.47980E+00   -0.24240E+00    0.35647E-02    0.19301E-02    0.27631E-02   -0.21808E-01   -0.20342E-01   -0.49109E-01
  165    1    0.14376E+01    0.47979E+00   -0.24365E+00    0.35637E-02    0.19322E-02    0.27731E-02   -0.22041E-01   -0.20515E-01   -0.49373E-01
  166    1    0.14392E+01    0.47979E+00   -0.24490E+00    0.35628E-02    0.19343E-02    0.27834E-02   -0.22275E-01   -0.20690E-01   -0.49640E-01
  167    1    0.14407E+01    0.47980E+00   -0.24615E+00    0.35620E-02    0.19366E-02    0.27937E-02   -0.22510E-01   -0.20866E-01   -0.49910E-01
  168    1    0.14422E+01    0.47981E+00   -0.24740E+00    0.35613E-02    0.19389E-02    0.28043E-02   -0.22745E-01   -0.21042E-01   -0.50180E-01
  169    1    0.14437E+01    0.47982E+00   -0.24866E+00    0.35607E-02    0.19412E-02    0.28149E-02   -0.22980E-01   -0.21217E-01   -0.50450E-01
  170    1    0.14452E+01    0.47983E+00   -0.24992E+00    0.35601E-02    0.19437E-02    0.28258E-02   -0.23214E-01   -0.21392E-01   -0.50721E-01
  171    1    0.14467E+01    0.47985E+00   -0.25119E+00    0.35597E-02    0.19462E-02    0.28368E-02   -0.23449E-01   -0.21568E-01   -0.50992E-01
  172    1    0.14480E+01    0.47988E+00   -0.25245E+00    0.35594E-02    0.19489E-02    0.28479E-02   -0.23685E-01   -0.21745E-01   -0.51267E-01
  173    1    0.14494E+01    0.47993E+00   -0.25373E+00    0.35591E-02    0.19516E-02    0.28592E-02   -0.23924E-01   -0.21924E-01   -0.51547E-01
  174    1    0.14506E+01    0.47999E+00   -0.25501E+00    0.35590E-02    0.19544E-02    0.28707E-02   -0.24165E-01   -0.22106E-01   -0.51836E-01
  175    1    0.14519E+01    0.48005E+00   -0.25630E+00    0.35590E-02    0.19572E-02    0.28824E-02   -0.24407E-01   -0.22288E-01   -0.52126E-01
  176    1    0.14531E+01    0.48009E+00   -0.25758E+00    0.35590E-02    0.19602E-02    0.28942E-02   -0.24648E-01   -0.22469E-01   -0.52412E-01
  177    1    0.14544E+01    0.48014E+00   -0.25887E+00    0.35592E-02    0.19633E-02    0.29062E-02   -0.24887E-01   -0.22648E-01   -0.52696E-01
  178    1    0.14556E+01    0.48020E+00   -0.26017E+00    0.35595E-02    0.19664E-02    0.29184E-02   -0.25129E-01   -0.22830E-01   -0.52985E-01
  179    1    0.14567E+01    0.48026E+00   -0.26147E+00    0.35599E-02    0.19697E-02    0.29307E-02   -0.25370E-01   -0.23012E-01   -0.53274E-01
  180    1    0.14579E+01    0.48032E+00   -0.26277E+00    0.35603E-02    0.19730E-02    0.29433E-02   -0.25611E-01   -0.23193E-01   -0.53561E-01
  181    1    0.14590E+01    0.48040E+00   -0.26408E+00    0.35609E-02    0.19764E-02    0.29560E-02   -0.25853E-01   -0.23375E-01   -0.53852E-01
  182    1    0.14600E+01    0.48047E+00   -0.26539E+00    0.35616E-02    0.19799E-02    0.29689E-02   -0.26096E-01   -0.23558E-01   -0.54144E-01
  183    1    0.14611E+01    0.48054E+00   -0.26671E+00    0.35625E-02    0.19835E-02    0.29820E-02   -0.26337E-01   -0.23739E-01   -0.54431E-01
  184    1    0.14621E+01    0.48062E+00   -0.26803E+00    0.35634E-02    0.19873E-02    0.29953E-02   -0.26579E-01   -0.23921E-01   -0.54722E-01
  185    1    0.14631E+01    0.48070E+00   -0.26936E+00    0.35644E-02    0.19911E-02    0.30088E-02   -0.26820E-01   -0.24102E-01   -0.55011E-01
  186    1    0.14640E+01    0.48079E+00   -0.27069E+00    0.35656E-02    0.19950E-02    0.30225E-02   -0.27062E-01   -0.24284E-01   -0.55300E-01
  187    1    0.14649E+01    0.48088E+00   -0.27203E+00    0.35668E-02    0.19990E-02    0.30364E-02   -0.27304E-01   -0.24467E-01   -0.55592E-01
  188    1    0.14657E+01    0.48099E+00   -0.27338E+00    0.35682E-02    0.20031E-02    0.30505E-02   -0.27546E-01   -0.24648E-01   -0.55882E-01
  189    1    0.14665E+01    0.48111E+00   -0.27473E+00    0.35697E-02    0.20073E-02    0.30648E-02   -0.27791E-01   -0.24833E-01   -0.56179E-01
  190    1    0.14672E+01    0.48123E+00   -0.27609E+00    0.35713E-02    0.20116E-02    0.30793E-02   -0.28035E-01   -0.25017E-01   -0.56474E-01
  191    1    0.14679E+01    0.48135E+00   -0.27746E+00    0.35730E-02    0.20161E-02    0.30941E-02   -0.28281E-01   -0.25202E-01   -0.56773E-01
  192    1    0.14686E+01    0.48148E+00   -0.27883E+00    0.35749E-02    0.20206E-02    0.31090E-02   -0.28526E-01   -0.25386E-01   -0.57069E-01
  193    1    0.14691E+01    0.48163E+00   -0.28021E+00    0.35769E-02    0.20253E-02    0.31242E-02   -0.28773E-01   -0.25573E-01   -0.57372E-01
  194    1    0.14697E+01    0.48178E+00   -0.28160E+00    0.35790E-02    0.20301E-02    0.31397E-02   -0.29021E-01   -0.25761E-01   -0.57675E-01
  195    1    0.14702E+01    0.48195E+00   -0.28300E+00    0.35812E-02    0.20349E-02    0.31554E-02   -0.29272E-01   -0.25950E-01   -0.57984E-01
  196    1    0.14706E+01    0.48210E+00   -0.28441E+00    0.35836E-02    0.20400E-02    0.31713E-02   -0.29522E-01   -0.26139E-01   -0.58292E-01
  197    1    0.14711E+01    0.48225E+00   -0.28582E+00    0.35861E-02    0.20451E-02    0.31875E-02   -0.29771E-01   -0.26327E-01   -0.58596E-01
  198    1    0.14715E+01    0.48241E+00   -0.28723E+00    0.35888E-02    0.20503E-02    0.32039E-02   -0.30020E-01   -0.26515E-01   -0.58901E-01
  199    1    0.14719E+01    0.48256E+00   -0.28865E+00    0.35915E-02    0.20557E-02    0.32206E-02   -0.30267E-01   -0.26702E-01   -0.59201E-01
  200    1    0.14723E+01    0.48273E+00   -0.29009E+00    0.35945E-02    0.20612E-02    0.32375E-02   -0.30515E-01   -0.26889E-01   -0.59502E-01
  201    1    0.14725E+01    0.48291E+00   -0.29153E+00    0.35975E-02    0.20668E-02    0.32547E-02   -0.30765E-01   -0.27077E-01   -0.59807E-01
  202    1    0.14727E+01    0.48310E+00   -0.29298E+00    0.36007E-02    0.20726E-02    0.32721E-02   -0.31015E-01   -0.27266E-01   -0.60112E-01
  203    1    0.14729E+01    0.48330E+00   -0.29444E+00    0.36041E-02    0.20785E-02    0.32899E-02   -0.31266E-01   -0.27456E-01   -0.60419E-01
  204    1    0.14729E+01    0.48351E+00   -0.29591E+00    0.36076E-02    0.20845E-02    0.33079E-02   -0.31519E-01   -0.27647E-01   -0.60730E-01
  205    1    0.14730E+01    0.48371E+00   -0.29739E+00    0.36112E-02    0.20907E-02    0.33262E-02   -0.31772E-01   -0.27838E-01   -0.61039E-01
  206    1    0.14731E+01    0.48390E+00   -0.29887E+00    0.36150E-02    0.20970E-02    0.33448E-02   -0.32022E-01   -0.28027E-01   -0.61343E-01
  207    1    0.14731E+01    0.48410E+00   -0.30036E+00    0.36190E-02    0.21034E-02    0.33637E-02   -0.32271E-01   -0.28215E-01   -0.61643E-01
  208    1    0.14730E+01    0.48431E+00   -0.30186E+00    0.36231E-02    0.21100E-02    0.33829E-02   -0.32521E-01   -0.28403E-01   -0.61945E-01
  209    1    0.14729E+01    0.48453E+00   -0.30338E+00    0.36274E-02    0.21167E-02    0.34024E-02   -0.32771E-01   -0.28591E-01   -0.62245E-01
  210    1    0.14729E+01    0.48472E+00   -0.30490E+00    0.36318E-02    0.21236E-02    0.34222E-02   -0.33019E-01   -0.28777E-01   -0.62540E-01
  211    1    0.14729E+01    0.48487E+00   -0.30641E+00    0.36364E-02    0.21307E-02    0.34423E-02   -0.33260E-01   -0.28957E-01   -0.62819E-01
  212    1    0.14729E+01    0.48502E+00   -0.30794E+00    0.36412E-02    0.21379E-02    0.34627E-02   -0.33495E-01   -0.29132E-01   -0.63084E-01
  213    1    0.14727E+01    0.48521E+00   -0.30948E+00    0.36461E-02    0.21452E-02    0.34835E-02   -0.33729E-01   -0.29306E-01   -0.63346E-01
  214    1    0.14724E+01    0.48544E+00   -0.31103E+00    0.36512E-02    0.21527E-02    0.35045E-02   -0.33963E-01   -0.29479E-01   -0.63608E-01
  215    1    0.14720E+01    0.48568E+00   -0.31259E+00    0.36565E-02    0.21604E-02    0.35259E-02   -0.34198E-01   -0.29653E-01   -0.63870E-01
  216    1    0.14714E+01    0.48595E+00   -0.31417E+00    0.36620E-02    0.21682E-02    0.35477E-02   -0.34433E-01   -0.29828E-01   -0.64136E-01
  217    1    0.14707E+01    0.48626E+00   -0.31577E+00    0.36677E-02    0.21762E-02    0.35698E-02   -0.34671E-01   -0.30005E-01   -0.64407E-01
  218    1    0.14700E+01    0.48657E+00   -0.31738E+00    0.36735E-02    0.21844E-02    0.35923E-02   -0.34912E-01   -0.30184E-01   -0.64684E-01
  219    1    0.14692E+01    0.48689E+00   -0.31901E+00    0.36796E-02    0.21927E-02    0.36151E-02   -0.35153E-01   -0.30364E-01   -0.64961E-01
  220    1    0.14684E+01    0.48720E+00   -0.32064E+00    0.36858E-02    0.22013E-02    0.36384E-02   -0.35394E-01   -0.30544E-01   -0.65238E-01
  221    1    0.14675E+01    0.48751E+00   -0.32229E+00    0.36923E-02    0.22100E-02    0.36621E-02   -0.35635E-01   -0.30723E-01   -0.65513E-01
  222    1    0.14667E+01    0.48781E+00   -0.32394E+00    0.36989E-02    0.22190E-02    0.36861E-02   -0.35874E-01   -0.30901E-01   -0.65784E-01
  223    1    0.14658E+01    0.48811E+00   -0.32561E+00    0.37058E-02    0.22281E-02    0.37106E-02   -0.36110E-01   -0.31076E-01   -0.66047E-01
  224    1    0.14647E+01    0.48843E+00   -0.32729E+00    0.37129E-02    0.22374E-02    0.37355E-02   -0.36344E-01   -0.31249E-01   -0.66306E-01
  225    1    0.14635E+01    0.48880E+00   -0.32899E+00    0.37202E-02    0.22470E-02    0.37608E-02   -0.36580E-01   -0.31424E-01   -0.66569E-01
  226    1    0.14623E+01    0.48917E+00   -0.33070E+00    0.37278E-02    0.22567E-02    0.37866E-02   -0.36817E-01   -0.31601E-01   -0.66835E-01
  227    1    0.14611E+01    0.48951E+00   -0.33243E+00    0.37356E-02    0.22667E-02    0.38128E-02   -0.37052E-01   -0.31775E-01   -0.67095E-01
  228    1    0.14598E+01    0.48984E+00   -0.33416E+00    0.37436E-02    0.22768E-02    0.38395E-02   -0.37282E-01   -0.31944E-01   -0.67342E-01
  229    1    0.14584E+01    0.49021E+00   -0.33591E+00    0.37518E-02    0.22872E-02    0.38666E-02   -0.37511E-01   -0.32113E-01   -0.67586E-01
  230    1    0.14570E+01    0.49057E+00   -0.33768E+00    0.37603E-02    0.22979E-02    0.38942E-02   -0.37737E-01   -0.32279E-01   -0.67825E-01
  231    1    0.14555E+01    0.49094E+00   -0.33945E+00    0.37691E-02    0.23087E-02    0.39223E-02   -0.37959E-01   -0.32441E-01   -0.68054E-01
  232    1    0.14539E+01    0.49133E+00   -0.34125E+00    0.37781E-02    0.23198E-02    0.39509E-02   -0.38181E-01   -0.32603E-01   -0.68281E-01
  233    1    0.14523E+01    0.49171E+00   -0.34305E+00    0.37873E-02    0.23312E-02    0.39799E-02   -0.38398E-01   -0.32760E-01   -0.68499E-01
  234    1    0.14505E+01    0.49213E+00   -0.34488E+00    0.37969E-02    0.23427E-02    0.40096E-02   -0.38611E-01   -0.32915E-01   -0.68708E-01
  235    1    0.14486E+01    0.49255E+00   -0.34672E+00    0.38067E-02    0.23546E-02    0.40397E-02   -0.38824E-01   -0.33069E-01   -0.68916E-01
  236    1    0.14466E+01    0.49299E+00   -0.34858E+00    0.38168E-02    0.23667E-02    0.40704E-02   -0.39032E-01   -0.33218E-01   -0.69113E-01
  237    1    0.14445E+01    0.49345E+00   -0.35045E+00    0.38272E-02    0.23791E-02    0.41016E-02   -0.39239E-01   -0.33367E-01   -0.69308E-01
  238    1    0.14423E+01    0.49392E+00   -0.35234E+00    0.38379E-02    0.23917E-02    0.41334E-02   -0.39443E-01   -0.33512E-01   -0.69495E-01
  239    1    0.14401E+01    0.49439E+00   -0.35425E+00    0.38489E-02    0.24047E-02    0.41658E-02   -0.39644E-01   -0.33656E-01   -0.69677E-01
  240    1    0.14377E+01    0.49489E+00   -0.35617E+00    0.38602E-02    0.24179E-02    0.41989E-02   -0.39840E-01   -0.33794E-01   -0.69847E-01
  241    1    0.14353E+01    0.49539E+00   -0.35812E+00    0.38718E-02    0.24314E-02    0.42325E-02   -0.40035E-01   -0.33932E-01   -0.70015E-01
  242    1    0.14328E+01    0.49590E+00   -0.36008E+00    0.38838E-02    0.24452E-02    0.42667E-02   -0.40223E-01   -0.34064E-01   -0.70168E-01
  243    1    0.14300E+01    0.49644E+00   -0.36205E+00    0.38960E-02    0.24593E-02    0.43016E-02   -0.40408E-01   -0.34193E-01   -0.70317E-01
  244    1    0.14273E+01    0.49699E+00   -0.36405E+00    0.39087E-02    0.24738E-02    0.43372E-02   -0.40590E-01   -0.34320E-01   -0.70458E-01
  245    1    0.14244E+01    0.49756E+00   -0.36606E+00    0.39217E-02    0.24886E-02    0.43734E-02   -0.40766E-01   -0.34441E-01   -0.70585E-01
  246    1    0.14213E+01    0.49816E+00   -0.36810E+00    0.39350E-02    0.25037E-02    0.44103E-02   -0.40940E-01   -0.34560E-01   -0.70710E-01
  247    1    0.14183E+01    0.49874E+00   -0.37015E+00    0.39488E-02    0.25192E-02    0.44480E-02   -0.41110E-01   -0.34675E-01   -0.70824E-01
  248    1    0.14151E+01    0.49933E+00   -0.37222E+00    0.39629E-02    0.25350E-02    0.44863E-02   -0.41271E-01   -0.34783E-01   -0.70921E-01
  249    1    0.14118E+01    0.49997E+00   -0.37431E+00    0.39774E-02    0.25511E-02    0.45254E-02   -0.41427E-01   -0.34887E-01   -0.71008E-01
  250    1    0.14083E+01    0.50061E+00   -0.37641E+00    0.39923E-02    0.25677E-02    0.45653E-02   -0.41578E-01   -0.34986E-01   -0.71086E-01
  251    1    0.14048E+01    0.50124E+00   -0.37854E+00    0.40076E-02    0.25846E-02    0.46059E-02   -0.41722E-01   -0.35078E-01   -0.71147E-01
  252    1    0.14012E+01    0.50191E+00   -0.38068E+00    0.40233E-02    0.26019E-02    0.46473E-02   -0.41856E-01   -0.35163E-01   -0.71191E-01
  253    1    0.13974E+01    0.50261E+00   -0.38284E+00    0.40395E-02    0.26196E-02    0.46895E-02   -0.41985E-01   -0.35243E-01   -0.71223E-01
  254    1    0.13934E+01    0.50334E+00   -0.38502E+00    0.40561E-02    0.26377E-02    0.47326E-02   -0.42108E-01   -0.35317E-01   -0.71243E-01
  255    1    0.13893E+01    0.50410E+00   -0.38722E+00    0.40732E-02    0.26562E-02    0.47765E-02   -0.42223E-01   -0.35385E-01   -0.71250E-01
  256    1    0.13850E+01    0.50489E+00   -0.38944E+00    0.40907E-02    0.26751E-02    0.48212E-02   -0.42332E-01   -0.35447E-01   -0.71244E-01
  257    1    0.13805E+01    0.50572E+00   -0.39167E+00    0.41088E-02    0.26945E-02    0.48669E-02   -0.42435E-01   -0.35504E-01   -0.71226E-01
  258    1    0.13759E+01    0.50658E+00   -0.39393E+00    0.41273E-02    0.27144E-02    0.49135E-02   -0.42532E-01   -0.35557E-01   -0.71199E-01
  259    1    0.13712E+01    0.50745E+00   -0.39620E+00    0.41463E-02    0.27347E-02    0.49610E-02   -0.42623E-01   -0.35603E-01   -0.71160E-01
  260    1    0.13663E+01    0.50834E+00   -0.39849E+00    0.41659E-02    0.27554E-02    0.50095E-02   -0.42706E-01   -0.35643E-01   -0.71104E-01
  261    1    0.13613E+01    0.50926E+00   -0.40079E+00    0.41859E-02    0.27767E-02    0.50589E-02   -0.42779E-01   -0.35675E-01   -0.71033E-01
  262    1    0.13562E+01    0.51020E+00   -0.40310E+00    0.42066E-02    0.27984E-02    0.51093E-02   -0.42844E-01   -0.35699E-01   -0.70944E-01
  263    1    0.13509E+01    0.51117E+00   -0.40543E+00    0.42277E-02    0.28207E-02    0.51608E-02   -0.42899E-01   -0.35715E-01   -0.70837E-01
  264    1    0.13455E+01    0.51216E+00   -0.40776E+00    0.42495E-02    0.28435E-02    0.52132E-02   -0.42944E-01   -0.35722E-01   -0.70712E-01
  265    1    0.13400E+01    0.51317E+00   -0.41010E+00    0.42718E-02    0.28668E-02    0.52667E-02   -0.42977E-01   -0.35719E-01   -0.70564E-01
  266    1    0.13342E+01    0.51424E+00   -0.41244E+00    0.42947E-02    0.28906E-02    0.53212E-02   -0.42998E-01   -0.35706E-01   -0.70395E-01
  267    1    0.13282E+01    0.51537E+00   -0.41477E+00    0.43183E-02    0.29150E-02    0.53768E-02   -0.43009E-01   -0.35684E-01   -0.70209E-01
  268    1    0.13221E+01    0.51651E+00   -0.41710E+00    0.43424E-02    0.29399E-02    0.54335E-02   -0.43011E-01   -0.35655E-01   -0.70006E-01
  269    1    0.13159E+01    0.51766E+00   -0.41922E+00    0.43672E-02    0.29653E-02    0.54912E-02   -0.43001E-01   -0.35615E-01   -0.69782E-01
  270    1    0.13098E+01    0.51887E+00   -0.42071E+00    0.43924E-02    0.29913E-02    0.55497E-02   -0.42979E-01   -0.35566E-01   -0.69538E-01
  271    1    0.13035E+01    0.52013E+00   -0.42207E+00    0.44182E-02    0.30176E-02    0.56089E-02   -0.42953E-01   -0.35512E-01   -0.69289E-01
  272    1    0.12973E+01    0.52138E+00   -0.42343E+00    0.44444E-02    0.30443E-02    0.56687E-02   -0.42921E-01   -0.35455E-01   -0.69033E-01
  273    1    0.12910E+01    0.52264E+00   -0.42481E+00    0.44711E-02    0.30714E-02    0.57292E-02   -0.42880E-01   -0.35390E-01   -0.68764E-01
  274    1    0.12848E+01    0.52391E+00   -0.42620E+00    0.44983E-02    0.30989E-02    0.57903E-02   -0.42835E-01   -0.35323E-01   -0.68490E-01
  275    1    0.12784E+01    0.52518E+00   -0.42759E+00    0.45259E-02    0.31269E-02    0.58520E-02   -0.42780E-01   -0.35247E-01   -0.68202E-01
  276    1    0.12720E+01    0.52648E+00   -0.42898E+00    0.45541E-02    0.31552E-02    0.59144E-02   -0.42721E-01   -0.35168E-01   -0.67909E-01
  277    1    0.12656E+01    0.52777E+00   -0.43038E+00    0.45827E-02    0.31840E-02    0.59775E-02   -0.42654E-01   -0.35083E-01   -0.67607E-01
  278    1    0.12592E+01    0.52906E+00   -0.43179E+00    0.46119E-02    0.32132E-02    0.60412E-02   -0.42580E-01   -0.34992E-01   -0.67292E-01
  279    1    0.12527E+01    0.53036E+00   -0.43320E+00    0.46415E-02    0.32428E-02    0.61055E-02   -0.42498E-01   -0.34895E-01   -0.66969E-01
  280    1    0.12463E+01    0.53166E+00   -0.43462E+00    0.46717E-02    0.32728E-02    0.61704E-02   -0.42409E-01   -0.34792E-01   -0.66635E-01
  281    1    0.12398E+01    0.53299E+00   -0.43604E+00    0.47024E-02    0.33032E-02    0.62360E-02   -0.42310E-01   -0.34681E-01   -0.66289E-01
  282    1    0.12332E+01    0.53431E+00   -0.43746E+00    0.47335E-02    0.33341E-02    0.63023E-02   -0.42206E-01   -0.34567E-01   -0.65936E-01
  283    1    0.12266E+01    0.53566E+00   -0.43889E+00    0.47652E-02    0.33654E-02    0.63691E-02   -0.42092E-01   -0.34444E-01   -0.65569E-01
  284    1    0.12199E+01    0.53704E+00   -0.44031E+00    0.47975E-02    0.33971E-02    0.64366E-02   -0.41972E-01   -0.34318E-01   -0.65197E-01
  285    1    0.12133E+01    0.53841E+00   -0.44174E+00    0.48302E-02    0.34292E-02    0.65047E-02   -0.41847E-01   -0.34187E-01   -0.64820E-01
  286    1    0.12066E+01    0.53980E+00   -0.44318E+00    0.48635E-02    0.34618E-02    0.65735E-02   -0.41714E-01   -0.34050E-01   -0.64431E-01
  287    1    0.11998E+01    0.54120E+00   -0.44461E+00    0.48973E-02    0.34948E-02    0.66428E-02   -0.41574E-01   -0.33908E-01   -0.64037E-01
  288    1    0.11931E+01    0.54257E+00   -0.44605E+00    0.49316E-02    0.35282E-02    0.67128E-02   -0.41428E-01   -0.33761E-01   -0.63633E-01
  289    1    0.11864E+01    0.54395E+00   -0.44750E+00    0.49665E-02    0.35621E-02    0.67834E-02   -0.41271E-01   -0.33606E-01   -0.63216E-01
  290    1    0.11797E+01    0.54535E+00   -0.44895E+00    0.50019E-02    0.35964E-02    0.68546E-02   -0.41106E-01   -0.33444E-01   -0.62787E-01
  291    1    0.11729E+01    0.54677E+00   -0.45040E+00    0.50378E-02    0.36311E-02    0.69264E-02   -0.40933E-01   -0.33276E-01   -0.62350E-01
  292    1    0.11661E+01    0.54817E+00   -0.45185E+00    0.50743E-02    0.36662E-02    0.69987E-02   -0.40751E-01   -0.33101E-01   -0.61902E-01
  293    1    0.11593E+01    0.54959E+00   -0.45330E+00    0.51113E-02    0.37018E-02    0.70717E-02   -0.40559E-01   -0.32919E-01   -0.61441E-01
  294    1    0.11524E+01    0.55104E+00   -0.45475E+00    0.51489E-02    0.37378E-02    0.71452E-02   -0.40359E-01   -0.32730E-01   -0.60971E-01
  295    1    0.11455E+01    0.55251E+00   -0.45620E+00    0.51870E-02    0.37743E-02    0.72193E-02   -0.40153E-01   -0.32537E-01   -0.60494E-01
  296    1    0.11386E+01    0.55397E+00   -0.45765E+00    0.52257E-02    0.38111E-02    0.72939E-02   -0.39939E-01   -0.32337E-01   -0.60009E-01
  297    1    0.11317E+01    0.55545E+00   -0.45909E+00    0.52648E-02    0.38484E-02    0.73691E-02   -0.39717E-01   -0.32132E-01   -0.59515E-01
  298    1    0.11248E+01    0.55692E+00   -0.46054E+00    0.53046E-02    0.38861E-02    0.74448E-02   -0.39487E-01   -0.31921E-01   -0.59012E-01
  299    1    0.11179E+01    0.55840E+00   -0.46199E+00    0.53449E-02    0.39242E-02    0.75211E-02   -0.39248E-01   -0.31703E-01   -0.58499E-01
  300    1    0.11109E+01    0.55989E+00   -0.46344E+00    0.53857E-02    0.39628E-02    0.75979E-02   -0.39000E-01   -0.31478E-01   -0.57975E-01
  301    1    0.11040E+01    0.56137E+00   -0.46489E+00    0.54271E-02    0.40018E-02    0.76752E-02   -0.38742E-01   -0.31246E-01   -0.57440E-01
  302    1    0.10970E+01    0.56288E+00   -0.46634E+00    0.54690E-02    0.40412E-02    0.77530E-02   -0.38475E-01   -0.31006E-01   -0.56893E-01
  303    1    0.10900E+01    0.56440E+00   -0.46778E+00    0.55114E-02    0.40810E-02    0.78312E-02   -0.38199E-01   -0.30760E-01   -0.56338E-01
  304    1    0.10830E+01    0.56593E+00   -0.46922E+00    0.55544E-02    0.41212E-02    0.79100E-02   -0.37915E-01   -0.30508E-01   -0.55773E-01
  305    1    0.10760E+01    0.56748E+00   -0.47065E+00    0.55980E-02    0.41618E-02    0.79892E-02   -0.37623E-01   -0.30250E-01   -0.55201E-01
  306    1    0.10690E+01    0.56904E+00   -0.47208E+00    0.56421E-02    0.42028E-02    0.80689E-02   -0.37323E-01   -0.29986E-01   -0.54621E-01
  307    1    0.10618E+01    0.57064E+00   -0.47350E+00    0.56867E-02    0.42442E-02    0.81490E-02   -0.37016E-01   -0.29718E-01   -0.54036E-01
  308    1    0.10547E+01    0.57226E+00   -0.47492E+00    0.57318E-02    0.42860E-02    0.82295E-02   -0.36703E-01   -0.29445E-01   -0.53447E-01
  309    1    0.10476E+01    0.57387E+00   -0.47633E+00    0.57774E-02    0.43282E-02    0.83104E-02   -0.36385E-01   -0.29169E-01   -0.52854E-01
  310    1    0.10405E+01    0.57546E+00   -0.47774E+00    0.58236E-02    0.43707E-02    0.83917E-02   -0.36057E-01   -0.28885E-01   -0.52251E-01
  311    1    0.10335E+01    0.57708E+00   -0.47915E+00    0.58702E-02    0.44136E-02    0.84734E-02   -0.35719E-01   -0.28594E-01   -0.51637E-01
  312    1    0.10263E+01    0.57871E+00   -0.48055E+00    0.59173E-02    0.44569E-02    0.85553E-02   -0.35374E-01   -0.28298E-01   -0.51016E-01
  313    1    0.10192E+01    0.58034E+00   -0.48194E+00    0.59649E-02    0.45005E-02    0.86376E-02   -0.35019E-01   -0.27994E-01   -0.50385E-01
  314    1    0.10121E+01    0.58198E+00   -0.48332E+00    0.60129E-02    0.45444E-02    0.87202E-02   -0.34654E-01   -0.27683E-01   -0.49743E-01
  315    1    0.10050E+01    0.58363E+00   -0.48470E+00    0.60614E-02    0.45886E-02    0.88030E-02   -0.34280E-01   -0.27366E-01   -0.49093E-01
  316    1    0.99794E+00    0.58529E+00   -0.48607E+00    0.61103E-02    0.46332E-02    0.88861E-02   -0.33896E-01   -0.27041E-01   -0.48432E-01
  317    1    0.99082E+00    0.58696E+00   -0.48742E+00    0.61597E-02    0.46780E-02    0.89694E-02   -0.33505E-01   -0.26711E-01   -0.47766E-01
  318    1    0.98373E+00    0.58863E+00   -0.48877E+00    0.62094E-02    0.47232E-02    0.90529E-02   -0.33104E-01   -0.26374E-01   -0.47088E-01
  319    1    0.97663E+00    0.59031E+00   -0.49012E+00    0.62596E-02    0.47686E-02    0.91366E-02   -0.32693E-01   -0.26029E-01   -0.46401E-01
  320    1    0.96954E+00    0.59199E+00   -0.49145E+00    0.63103E-02    0.48143E-02    0.92205E-02   -0.32273E-01   -0.25679E-01   -0.45706E-01
  321    1    0.96245E+00    0.59368E+00   -0.49277E+00    0.63613E-02    0.48604E-02    0.93045E-02   -0.31842E-01   -0.25319E-01   -0.44999E-01
  322    1    0.95534E+00    0.59538E+00   -0.49408E+00    0.64128E-02    0.49067E-02    0.93888E-02   -0.31404E-01   -0.24955E-01   -0.44286E-01
  323    1    0.94824E+00    0.59708E+00   -0.49538E+00    0.64648E-02    0.49533E-02    0.94732E-02   -0.30955E-01   -0.24583E-01   -0.43562E-01
  324    1    0.94111E+00    0.59881E+00   -0.49667E+00    0.65172E-02    0.50002E-02    0.95578E-02   -0.30498E-01   -0.24205E-01   -0.42832E-01
  325    1    0.93399E+00    0.60053E+00   -0.49796E+00    0.65702E-02    0.50475E-02    0.96426E-02   -0.30033E-01   -0.23822E-01   -0.42096E-01
  326    1    0.92681E+00    0.60229E+00   -0.49922E+00    0.66237E-02    0.50951E-02    0.97275E-02   -0.29559E-01   -0.23432E-01   -0.41351E-01
  327    1    0.91962E+00    0.60405E+00   -0.50048E+00    0.66778E-02    0.51431E-02    0.98127E-02   -0.29081E-01   -0.23041E-01   -0.40609E-01
  328    1    0.91243E+00    0.60581E+00   -0.50174E+00    0.67325E-02    0.51915E-02    0.98981E-02   -0.28592E-01   -0.22641E-01   -0.39854E-01
  329    1    0.90516E+00    0.60761E+00   -0.50297E+00    0.67877E-02    0.52402E-02    0.99837E-02   -0.28099E-01   -0.22240E-01   -0.39101E-01
  330    1    0.89792E+00    0.60939E+00   -0.50420E+00    0.68437E-02    0.52893E-02    0.10070E-01   -0.27599E-01   -0.21833E-01   -0.38342E-01
  331    1    0.89064E+00    0.61118E+00   -0.50542E+00    0.69002E-02    0.53389E-02    0.10156E-01   -0.27088E-01   -0.21418E-01   -0.37572E-01
  332    1    0.88330E+00    0.61301E+00   -0.50663E+00    0.69575E-02    0.53888E-02    0.10242E-01   -0.26571E-01   -0.21000E-01   -0.36801E-01
  333    1    0.87596E+00    0.61483E+00   -0.50783E+00    0.70153E-02    0.54391E-02    0.10328E-01   -0.26047E-01   -0.20577E-01   -0.36024E-01
  334    1    0.86862E+00    0.61665E+00   -0.50901E+00    0.70737E-02    0.54897E-02    0.10414E-01   -0.25514E-01   -0.20148E-01   -0.35241E-01
  335    1    0.86123E+00    0.61849E+00   -0.51018E+00    0.71327E-02    0.55406E-02    0.10501E-01   -0.24974E-01   -0.19714E-01   -0.34452E-01
  336    1    0.85381E+00    0.62035E+00   -0.51134E+00    0.71921E-02    0.55917E-02    0.10587E-01   -0.24427E-01   -0.19276E-01   -0.33661E-01
  337    1    0.84641E+00    0.62221E+00   -0.51247E+00    0.72518E-02    0.56430E-02    0.10673E-01   -0.23873E-01   -0.18833E-01   -0.32863E-01
  338    1    0.83899E+00    0.62409E+00   -0.51359E+00    0.73118E-02    0.56943E-02    0.10759E-01   -0.23310E-01   -0.18383E-01   -0.32059E-01
  339    1    0.83155E+00    0.62599E+00   -0.51468E+00    0.73718E-02    0.57455E-02    0.10844E-01   -0.22742E-01   -0.17931E-01   -0.31254E-01
  340    1    0.82412E+00    0.62790E+00   -0.51575E+00    0.74316E-02    0.57965E-02    0.10929E-01   -0.22168E-01   -0.17475E-01   -0.30446E-01
  341    1    0.81670E+00    0.62984E+00   -0.51679E+00    0.74912E-02    0.58472E-02    0.11013E-01   -0.21587E-01   -0.17015E-01   -0.29633E-01
  342    1    0.80930E+00    0.63180E+00   -0.51779E+00    0.75501E-02    0.58974E-02    0.11096E-01   -0.20998E-01   -0.16549E-01   -0.28815E-01
  343    1    0.80191E+00    0.63379E+00   -0.51876E+00    0.76082E-02    0.59470E-02    0.11178E-01   -0.20402E-01   -0.16078E-01   -0.27991E-01
  344    1    0.79456E+00    0.63581E+00   -0.51969E+00    0.76653E-02    0.59957E-02    0.11258E-01   -0.19800E-01   -0.15604E-01   -0.27166E-01
  345    1    0.78724E+00    0.63786E+00   -0.52057E+00    0.77209E-02    0.60435E-02    0.11337E-01   -0.19192E-01   -0.15126E-01   -0.26337E-01
  346    1    0.77995E+00    0.63995E+00   -0.52140E+00    0.77750E-02    0.60901E-02    0.11415E-01   -0.18578E-01   -0.14644E-01   -0.25506E-01
  347    1    0.77269E+00    0.64209E+00   -0.52219E+00    0.78272E-02    0.61354E-02    0.11490E-01   -0.17958E-01   -0.14158E-01   -0.24671E-01
  348    1    0.76546E+00    0.64428E+00   -0.52291E+00    0.78772E-02    0.61793E-02    0.11564E-01   -0.17332E-01   -0.13669E-01   -0.23832E-01
  349    1    0.75826E+00    0.64652E+00   -0.52359E+00    0.79250E-02    0.62217E-02    0.11635E-01   -0.16699E-01   -0.13174E-01   -0.22988E-01
  350    1    0.75112E+00    0.64880E+00   -0.52420E+00    0.79702E-02    0.62623E-02    0.11704E-01   -0.16059E-01   -0.12675E-01   -0.22139E-01
  351    1    0.74402E+00    0.65112E+00   -0.52475E+00    0.80128E-02    0.63011E-02    0.11771E-01   -0.15411E-01   -0.12171E-01   -0.21285E-01
  352    1    0.73698E+00    0.65350E+00   -0.52523E+00    0.80524E-02    0.63378E-02    0.11835E-01   -0.14757E-01   -0.11662E-01   -0.20425E-01
  353    1    0.72998E+00    0.65592E+00   -0.52565E+00    0.80890E-02    0.63724E-02    0.11896E-01   -0.14096E-01   -0.11148E-01   -0.19561E-01
  354    1    0.72302E+00    0.65841E+00   -0.52599E+00    0.81222E-02    0.64046E-02    0.11954E-01   -0.13428E-01   -0.10630E-01   -0.18691E-01
  355    1    0.71611E+00    0.66096E+00   -0.52627E+00    0.81519E-02    0.64343E-02    0.12009E-01   -0.12754E-01   -0.10108E-01   -0.17817E-01
  356    1    0.70922E+00    0.66359E+00   -0.52645E+00    0.81776E-02    0.64612E-02    0.12061E-01   -0.12075E-01   -0.95829E-02   -0.16941E-01
  357    1    0.70231E+00    0.66635E+00   -0.52655E+00    0.81989E-02    0.64850E-02    0.12109E-01   -0.11392E-01   -0.90544E-02   -0.16061E-01
  358    1    0.69538E+00    0.66924E+00   -0.52654E+00    0.82151E-02    0.65054E-02    0.12153E-01   -0.10703E-01   -0.85228E-02   -0.15180E-01
  359    1    0.68846E+00    0.67230E+00   -0.52642E+00    0.82246E-02    0.65220E-02    0.12194E-01   -0.10006E-01   -0.79849E-02   -0.14289E-01
  360    1    0.68159E+00    0.67542E+00   -0.52619E+00    0.82265E-02    0.65341E-02    0.12231E-01   -0.92976E-02   -0.74383E-02   -0.13384E-01
  361    1    0.67480E+00    0.67857E+00   -0.52586E+00    0.82266E-02    0.65394E-02    0.12264E-01   -0.85821E-02   -0.68863E-02   -0.12474E-01
  362    1    0.66819E+00    0.68188E+00   -0.52544E+00    0.82248E-02    0.65400E-02    0.12289E-01   -0.78609E-02   -0.63300E-02   -0.11558E-01
  363    1    0.66163E+00    0.68536E+00   -0.52484E+00    0.82158E-02    0.65396E-02    0.12295E-01   -0.71326E-02   -0.57683E-02   -0.10634E-01
  364    1    0.65491E+00    0.68834E+00   -0.52381E+00    0.81735E-02    0.65292E-02    0.12289E-01   -0.63943E-02   -0.51988E-02   -0.96972E-02
  365    1    0.65178E+00    0.69266E+00   -0.52160E+00    0.80128E-02    0.64694E-02    0.12245E-01   -0.56502E-02   -0.46255E-02   -0.87546E-02
  366    1    0.65941E+00    0.70262E+00   -0.51722E+00    0.76624E-02    0.62553E-02    0.12048E-01   -0.48910E-02   -0.40396E-02   -0.77905E-02
  367    1    0.67826E+00    0.71399E+00   -0.50748E+00    0.70640E-02    0.58156E-02    0.11482E-01   -0.41061E-02   -0.34281E-02   -0.67720E-02
  368    1    0.71864E+00    0.73040E+00   -0.48863E+00    0.61250E-02    0.50804E-02    0.10356E-01   -0.32984E-02   -0.27885E-02   -0.56734E-02
  369    1    0.84186E+00    0.78434E+00   -0.45707E+00    0.47535E-02    0.39793E-02    0.84198E-02   -0.24361E-02   -0.20879E-02   -0.43984E-02
  370    1    0.11345E+01    0.86864E+00   -0.40878E+00    0.30286E-02    0.25736E-02    0.56509E-02   -0.14252E-02   -0.12415E-02   -0.27412E-02
  371    1    0.12558E+01    0.82905E+00   -0.30428E+00    0.13773E-02    0.12055E-02    0.27278E-02   -0.43731E-03   -0.38977E-03   -0.93003E-03
  372    1    0.71948E+00    0.49743E+00   -0.14888E+00    0.31784E-03    0.30323E-03    0.70190E-03   -0.74247E-05   -0.55620E-05   -0.96557E-05
  373    1    0.16207E+00    0.34129E-01   -0.91252E-02    0.25026E-05    0.24812E-05    0.55535E-05    0.29517E-08    0.50758E-08    0.22853E-07
  374    1    0.27983E-01    0.36971E-03   -0.32717E-03    0.37631E-08    0.23651E-08    0.20074E-08    0.62051E-10    0.69106E-10    0.13574E-09
  375    1    0.44030E-05    0.36971E-03   -0.32717E-03    0.37631E-08    0.23651E-08    0.20074E-08    0.00000E+00    0.00000E+00    0.00000E+00
  376    1    0.00000E+00    0.00000E+00    0.00000E+00    0.00000E+00    0.00000E+00    0.00000E+00    0.00000E+00    0.00000E+00    0.00000E+00
  377    1    0.00000E+00    0.00000E+00    0.00000E+00    0.00000E+00    0.00000E+00    0.00000E+00    0.00000E+00    0.00000E+00    0.00000E+00
  378    1    0.00000E+00    0.00000E+00    0.00000E+00    0.00000E+00    0.00000E+00    0.00000E+00    0.00000E+00    0.00000E+00    0.00000E+00
  379    1    0.00000E+00    0.00000E+00    0.00000E+00    0.00000E+00    0.00000E+00    0.00000E+00    0.00000E+00    0.00000E+00    0.00000E+00
  380    1    0.00000E+00    0.00000E+00    0.00000E+00    0.00000E+00    0.00000E+00    0.00000E+00    0.00000E+00    0.00000E+00    0.00000E+00
  381    1    0.00000E+00    0.00000E+00    0.00000E+00    0.00000E+00    0.00000E+00    0.00000E+00    0.00000E+00    0.00000E+00    0.00000E+00
  382    1    0.00000E+00    0.00000E+00    0.00000E+00    0.00000E+00    0.00000E+00    0.00000E+00    0.00000E+00    0.00000E+00    0.00000E+00
  383    1    0.00000E+00    0.00000E+00    0.00000E+00    0.00000E+00    0.00000E+00    0.00000E+00    0.00000E+00    0.00000E+00    0.00000E+00
  384    1    0.00000E+00    0.00000E+00    0.00000E+00    0.00000E+00    0.00000E+00    0.00000E+00    0.00000E+00    0.00000E+00    0.00000E+00
  385    1    0.00000E+00    0.00000E+00    0.00000E+00    0.00000E+00    0.00000E+00    0.00000E+00    0.00000E+00    0.00000E+00    0.00000E+00
  386    1    0.00000E+00    0.00000E+00    0.00000E+00    0.00000E+00    0.00000E+00    0.00000E+00    0.00000E+00    0.00000E+00    0.00000E+00
  387    1    0.00000E+00    0.00000E+00    0.00000E+00    0.00000E+00    0.00000E+00    0.00000E+00    0.00000E+00    0.00000E+00    0.00000E+00
  388    1    0.00000E+00    0.00000E+00    0.00000E+00    0.00000E+00    0.00000E+00    0.00000E+00    0.00000E+00    0.00000E+00    0.00000E+00
  389    1    0.00000E+00    0.00000E+00    0.00000E+00    0.00000E+00    0.00000E+00    0.00000E+00    0.00000E+00    0.00000E+00    0.00000E+00
  390    1    0.00000E+00    0.00000E+00    0.00000E+00    0.00000E+00    0.00000E+00    0.00000E+00    0.00000E+00    0.00000E+00    0.00000E+00
  391    1    0.00000E+00    0.00000E+00    0.00000E+00    0.00000E+00    0.00000E+00    0.00000E+00    0.00000E+00    0.00000E+00    0.00000E+00
  392    1    0.00000E+00    0.00000E+00    0.00000E+00    0.00000E+00    0.00000E+00    0.00000E+00    0.00000E+00    0.00000E+00    0.00000E+00
  393    1    0.00000E+00    0.00000E+00    0.00000E+00    0.00000E+00    0.00000E+00    0.00000E+00    0.00000E+00    0.00000E+00    0.00000E+00
  394    1    0.00000E+00    0.00000E+00    0.00000E+00    0.00000E+00    0.00000E+00    0.00000E+00    0.00000E+00    0.00000E+00    0.00000E+00
  395    1    0.00000E+00    0.00000E+00    0.00000E+00    0.00000E+00    0.00000E+00    0.00000E+00    0.00000E+00    0.00000E+00    0.00000E+00
  396    1    0.00000E+00    0.00000E+00    0.00000E+00    0.00000E+00    0.00000E+00    0.00000E+00    0.00000E+00    0.00000E+00    0.00000E+00
  397    1    0.00000E+00    0.00000E+00    0.00000E+00    0.00000E+00    0.00000E+00    0.00000E+00    0.00000E+00    0.00000E+00    0.00000E+00
  398    1    0.00000E+00    0.00000E+00    0.00000E+00    0.00000E+00    0.00000E+00    0.00000E+00    0.00000E+00    0.00000E+00    0.00000E+00
  399    1    0.00000E+00    0.00000E+00    0.00000E+00    0.00000E+00    0.00000E+00    0.00000E+00    0.00000E+00    0.00000E+00    0.00000E+00
  400    1    0.00000E+00    0.00000E+00    0.00000E+00    0.00000E+00    0.00000E+00    0.00000E+00    0.00000E+00    0.00000E+00    0.00000E+00
  401    1    0.00000E+00    0.00000E+00    0.00000E+00    0.00000E+00    0.00000E+00    0.00000E+00    0.00000E+00    0.00000E+00    0.00000E+00
  402    1    0.00000E+00    0.00000E+00    0.00000E+00    0.00000E+00    0.00000E+00    0.00000E+00    0.00000E+00    0.00000E+00    0.00000E+00
  403    1    0.00000E+00    0.00000E+00    0.00000E+00    0.00000E+00    0.00000E+00    0.00000E+00    0.00000E+00    0.00000E+00    0.00000E+00
  404    1    0.00000E+00    0.00000E+00    0.00000E+00    0.00000E+00    0.00000E+00    0.00000E+00    0.00000E+00    0.00000E+00    0.00000E+00
  405    1    0.00000E+00    0.00000E+00    0.00000E+00    0.00000E+00    0.00000E+00    0.00000E+00    0.00000E+00    0.00000E+00    0.00000E+00
  406    1    0.00000E+00    0.00000E+00    0.00000E+00    0.00000E+00    0.00000E+00    0.00000E+00    0.00000E+00    0.00000E+00    0.00000E+00
  407    1    0.00000E+00    0.00000E+00    0.00000E+00    0.00000E+00    0.00000E+00    0.00000E+00    0.00000E+00    0.00000E+00    0.00000E+00
  408    1    0.00000E+00    0.00000E+00    0.00000E+00    0.00000E+00    0.00000E+00    0.00000E+00    0.00000E+00    0.00000E+00    0.00000E+00
  409    1    0.00000E+00    0.00000E+00    0.00000E+00    0.00000E+00    0.00000E+00    0.00000E+00    0.00000E+00    0.00000E+00    0.00000E+00
  410    1    0.00000E+00    0.00000E+00    0.00000E+00    0.00000E+00    0.00000E+00    0.00000E+00    0.00000E+00    0.00000E+00    0.00000E+00
  411    1    0.00000E+00    0.00000E+00    0.00000E+00    0.00000E+00    0.00000E+00    0.00000E+00    0.00000E+00    0.00000E+00    0.00000E+00
  412    1    0.00000E+00    0.00000E+00    0.00000E+00    0.00000E+00    0.00000E+00    0.00000E+00    0.00000E+00    0.00000E+00    0.00000E+00
  413    1    0.00000E+00    0.00000E+00    0.00000E+00    0.00000E+00    0.00000E+00    0.00000E+00    0.00000E+00    0.00000E+00    0.00000E+00
  414    1    0.00000E+00    0.00000E+00    0.00000E+00    0.00000E+00    0.00000E+00    0.00000E+00    0.00000E+00    0.00000E+00    0.00000E+00
  415    1    0.00000E+00    0.00000E+00    0.00000E+00    0.00000E+00    0.00000E+00    0.00000E+00    0.00000E+00    0.00000E+00    0.00000E+00
  416    1    0.00000E+00    0.00000E+00    0.00000E+00    0.00000E+00    0.00000E+00    0.00000E+00    0.00000E+00    0.00000E+00    0.00000E+00
  417    1    0.00000E+00    0.00000E+00    0.00000E+00    0.00000E+00    0.00000E+00    0.00000E+00    0.00000E+00    0.00000E+00    0.00000E+00
  418    1    0.00000E+00    0.00000E+00    0.00000E+00    0.00000E+00    0.00000E+00    0.00000E+00    0.00000E+00    0.00000E+00    0.00000E+00
  419    1    0.00000E+00    0.00000E+00    0.00000E+00    0.00000E+00    0.00000E+00    0.00000E+00    0.00000E+00    0.00000E+00    0.00000E+00
  420    1    0.00000E+00    0.00000E+00    0.00000E+00    0.00000E+00    0.00000E+00    0.00000E+00    0.00000E+00    0.00000E+00    0.00000E+00
  421    1    0.00000E+00    0.00000E+00    0.00000E+00    0.00000E+00    0.00000E+00    0.00000E+00    0.00000E+00    0.00000E+00    0.00000E+00
  422    1    0.00000E+00    0.00000E+00    0.00000E+00    0.00000E+00    0.00000E+00    0.00000E+00    0.00000E+00    0.00000E+00    0.00000E+00
  423    1    0.00000E+00    0.00000E+00    0.00000E+00    0.00000E+00    0.00000E+00    0.00000E+00    0.00000E+00    0.00000E+00    0.00000E+00
  424    1    0.00000E+00    0.00000E+00    0.00000E+00    0.00000E+00    0.00000E+00    0.00000E+00    0.00000E+00    0.00000E+00    0.00000E+00
  425    1    0.00000E+00    0.00000E+00    0.00000E+00    0.00000E+00    0.00000E+00    0.00000E+00    0.00000E+00    0.00000E+00    0.00000E+00
  426    1    0.00000E+00    0.00000E+00    0.00000E+00    0.00000E+00    0.00000E+00    0.00000E+00    0.00000E+00    0.00000E+00    0.00000E+00
  427    1    0.00000E+00    0.00000E+00    0.00000E+00    0.00000E+00    0.00000E+00    0.00000E+00    0.00000E+00    0.00000E+00    0.00000E+00
  428    1    0.00000E+00    0.00000E+00    0.00000E+00    0.00000E+00    0.00000E+00    0.00000E+00    0.00000E+00    0.00000E+00    0.00000E+00
  429    1    0.00000E+00    0.00000E+00    0.00000E+00    0.00000E+00    0.00000E+00    0.00000E+00    0.00000E+00    0.00000E+00    0.00000E+00
  430    1    0.00000E+00    0.00000E+00    0.00000E+00    0.00000E+00    0.00000E+00    0.00000E+00    0.00000E+00    0.00000E+00    0.00000E+00
  431    1    0.00000E+00    0.00000E+00    0.00000E+00    0.00000E+00    0.00000E+00    0.00000E+00    0.00000E+00    0.00000E+00    0.00000E+00
  432    1    0.00000E+00    0.00000E+00    0.00000E+00    0.00000E+00    0.00000E+00    0.00000E+00    0.00000E+00    0.00000E+00    0.00000E+00
  433    1    0.00000E+00    0.00000E+00    0.00000E+00    0.00000E+00    0.00000E+00    0.00000E+00    0.00000E+00    0.00000E+00    0.00000E+00
  434    1    0.00000E+00    0.00000E+00    0.00000E+00    0.00000E+00    0.00000E+00    0.00000E+00    0.00000E+00    0.00000E+00    0.00000E+00
  435    1    0.00000E+00    0.00000E+00    0.00000E+00    0.00000E+00    0.00000E+00    0.00000E+00    0.00000E+00    0.00000E+00    0.00000E+00
  436    1    0.00000E+00    0.00000E+00    0.00000E+00    0.00000E+00    0.00000E+00    0.00000E+00    0.00000E+00    0.00000E+00    0.00000E+00
  437    1    0.00000E+00    0.00000E+00    0.00000E+00    0.00000E+00    0.00000E+00    0.00000E+00    0.00000E+00    0.00000E+00    0.00000E+00
  438    1    0.00000E+00    0.00000E+00    0.00000E+00    0.00000E+00    0.00000E+00    0.00000E+00    0.00000E+00    0.00000E+00    0.00000E+00
  439    1    0.00000E+00    0.00000E+00    0.00000E+00    0.00000E+00    0.00000E+00    0.00000E+00    0.00000E+00    0.00000E+00    0.00000E+00
  440    1    0.00000E+00    0.00000E+00    0.00000E+00    0.00000E+00    0.00000E+00    0.00000E+00    0.00000E+00    0.00000E+00    0.00000E+00
  441    1    0.00000E+00    0.00000E+00    0.00000E+00    0.00000E+00    0.00000E+00    0.00000E+00    0.00000E+00    0.00000E+00    0.00000E+00
  442    1    0.00000E+00    0.00000E+00    0.00000E+00    0.00000E+00    0.00000E+00    0.00000E+00    0.00000E+00    0.00000E+00    0.00000E+00
  443    1    0.00000E+00    0.00000E+00    0.00000E+00    0.00000E+00    0.00000E+00    0.00000E+00    0.00000E+00    0.00000E+00    0.00000E+00
  444    1    0.00000E+00    0.00000E+00    0.00000E+00    0.00000E+00    0.00000E+00    0.00000E+00    0.00000E+00    0.00000E+00    0.00000E+00
  445    1    0.00000E+00    0.00000E+00    0.00000E+00    0.00000E+00    0.00000E+00    0.00000E+00    0.00000E+00    0.00000E+00    0.00000E+00
  446    1    0.00000E+00    0.00000E+00    0.00000E+00    0.00000E+00    0.00000E+00    0.00000E+00    0.00000E+00    0.00000E+00    0.00000E+00
  447    1    0.00000E+00    0.00000E+00    0.00000E+00    0.00000E+00    0.00000E+00    0.00000E+00    0.00000E+00    0.00000E+00    0.00000E+00
  448    1    0.00000E+00    0.00000E+00    0.00000E+00    0.00000E+00    0.00000E+00    0.00000E+00    0.00000E+00    0.00000E+00    0.00000E+00
  449    1    0.00000E+00    0.00000E+00    0.00000E+00    0.00000E+00    0.00000E+00    0.00000E+00    0.00000E+00    0.00000E+00    0.00000E+00
  450    1    0.00000E+00    0.00000E+00    0.00000E+00    0.00000E+00    0.00000E+00    0.00000E+00    0.00000E+00    0.00000E+00    0.00000E+00
  451    1    0.00000E+00    0.00000E+00    0.00000E+00    0.00000E+00    0.00000E+00    0.00000E+00    0.00000E+00    0.00000E+00    0.00000E+00
  452    1    0.00000E+00    0.00000E+00    0.00000E+00    0.00000E+00    0.00000E+00    0.00000E+00    0.00000E+00    0.00000E+00    0.00000E+00
  453    1    0.00000E+00    0.00000E+00    0.00000E+00    0.00000E+00    0.00000E+00    0.00000E+00    0.00000E+00    0.00000E+00    0.00000E+00
  454    1    0.00000E+00    0.00000E+00    0.00000E+00    0.00000E+00    0.00000E+00    0.00000E+00    0.00000E+00    0.00000E+00    0.00000E+00
  455    1    0.00000E+00    0.00000E+00    0.00000E+00    0.00000E+00    0.00000E+00    0.00000E+00    0.00000E+00    0.00000E+00    0.00000E+00
  456    1    0.00000E+00    0.00000E+00    0.00000E+00    0.00000E+00    0.00000E+00    0.00000E+00    0.00000E+00    0.00000E+00    0.00000E+00
  457    1    0.00000E+00    0.00000E+00    0.00000E+00    0.00000E+00    0.00000E+00    0.00000E+00    0.00000E+00    0.00000E+00    0.00000E+00
  458    1    0.00000E+00    0.00000E+00    0.00000E+00    0.00000E+00    0.00000E+00    0.00000E+00    0.00000E+00    0.00000E+00    0.00000E+00
  459    1    0.00000E+00    0.00000E+00    0.00000E+00    0.00000E+00    0.00000E+00    0.00000E+00    0.00000E+00    0.00000E+00    0.00000E+00
  460    1    0.00000E+00    0.00000E+00    0.00000E+00    0.00000E+00    0.00000E+00    0.00000E+00    0.00000E+00    0.00000E+00    0.00000E+00
  461    1    0.00000E+00    0.00000E+00    0.00000E+00    0.00000E+00    0.00000E+00    0.00000E+00    0.00000E+00    0.00000E+00    0.00000E+00
  462    1    0.00000E+00    0.00000E+00    0.00000E+00    0.00000E+00    0.00000E+00    0.00000E+00    0.00000E+00    0.00000E+00    0.00000E+00
  463    1    0.00000E+00    0.00000E+00    0.00000E+00    0.00000E+00    0.00000E+00    0.00000E+00    0.00000E+00    0.00000E+00    0.00000E+00
  464    1    0.00000E+00    0.00000E+00    0.00000E+00    0.00000E+00    0.00000E+00    0.00000E+00    0.00000E+00    0.00000E+00    0.00000E+00
  465    1    0.00000E+00    0.00000E+00    0.00000E+00    0.00000E+00    0.00000E+00    0.00000E+00    0.00000E+00    0.00000E+00    0.00000E+00
  466    1    0.00000E+00    0.00000E+00    0.00000E+00    0.00000E+00    0.00000E+00    0.00000E+00    0.00000E+00    0.00000E+00    0.00000E+00
  467    1    0.00000E+00    0.00000E+00    0.00000E+00    0.00000E+00    0.00000E+00    0.00000E+00    0.00000E+00    0.00000E+00    0.00000E+00
  468    1    0.00000E+00    0.00000E+00    0.00000E+00    0.00000E+00    0.00000E+00    0.00000E+00    0.00000E+00    0.00000E+00    0.00000E+00
  469    1    0.00000E+00    0.00000E+00    0.00000E+00    0.00000E+00    0.00000E+00    0.00000E+00    0.00000E+00    0.00000E+00    0.00000E+00
  470    1    0.00000E+00    0.00000E+00    0.00000E+00    0.00000E+00    0.00000E+00    0.00000E+00    0.00000E+00    0.00000E+00    0.00000E+00
  471    1    0.00000E+00    0.00000E+00    0.00000E+00    0.00000E+00    0.00000E+00    0.00000E+00    0.00000E+00    0.00000E+00    0.00000E+00
  472    1    0.00000E+00    0.00000E+00    0.00000E+00    0.00000E+00    0.00000E+00    0.00000E+00    0.00000E+00    0.00000E+00    0.00000E+00
  473    1    0.00000E+00    0.00000E+00    0.00000E+00    0.00000E+00    0.00000E+00    0.00000E+00    0.00000E+00    0.00000E+00    0.00000E+00
  474    1    0.00000E+00    0.00000E+00    0.00000E+00    0.00000E+00    0.00000E+00    0.00000E+00    0.00000E+00    0.00000E+00    0.00000E+00
  475    1    0.00000E+00    0.00000E+00    0.00000E+00    0.00000E+00    0.00000E+00    0.00000E+00    0.00000E+00    0.00000E+00    0.00000E+00
  476    1    0.00000E+00    0.00000E+00    0.00000E+00    0.00000E+00    0.00000E+00    0.00000E+00    0.00000E+00    0.00000E+00    0.00000E+00
  477    1    0.00000E+00    0.00000E+00    0.00000E+00    0.00000E+00    0.00000E+00    0.00000E+00    0.00000E+00    0.00000E+00    0.00000E+00
  478    1    0.00000E+00    0.00000E+00    0.00000E+00    0.00000E+00    0.00000E+00    0.00000E+00    0.00000E+00    0.00000E+00    0.00000E+00
  479    1    0.00000E+00    0.00000E+00    0.00000E+00    0.00000E+00    0.00000E+00    0.00000E+00    0.00000E+00    0.00000E+00    0.00000E+00
  480    1    0.00000E+00    0.00000E+00    0.00000E+00    0.00000E+00    0.00000E+00    0.00000E+00    0.00000E+00    0.00000E+00    0.00000E+00
  481    1    0.00000E+00    0.00000E+00    0.00000E+00    0.00000E+00    0.00000E+00    0.00000E+00    0.00000E+00    0.00000E+00    0.00000E+00
  482    1    0.00000E+00    0.00000E+00    0.00000E+00    0.00000E+00    0.00000E+00    0.00000E+00    0.00000E+00    0.00000E+00    0.00000E+00
  483    1    0.00000E+00    0.00000E+00    0.00000E+00    0.00000E+00    0.00000E+00    0.00000E+00    0.00000E+00    0.00000E+00    0.00000E+00
  484    1    0.00000E+00    0.00000E+00    0.00000E+00    0.00000E+00    0.00000E+00    0.00000E+00    0.00000E+00    0.00000E+00    0.00000E+00
  485    1    0.00000E+00    0.00000E+00    0.00000E+00    0.00000E+00    0.00000E+00    0.00000E+00    0.00000E+00    0.00000E+00    0.00000E+00
  486    1    0.00000E+00    0.00000E+00    0.00000E+00    0.00000E+00    0.00000E+00    0.00000E+00    0.00000E+00    0.00000E+00    0.00000E+00
  487    1    0.00000E+00    0.00000E+00    0.00000E+00    0.00000E+00    0.00000E+00    0.00000E+00    0.00000E+00    0.00000E+00    0.00000E+00
  488    1    0.00000E+00    0.00000E+00    0.00000E+00    0.00000E+00    0.00000E+00    0.00000E+00    0.00000E+00    0.00000E+00    0.00000E+00
  489    1    0.00000E+00    0.00000E+00    0.00000E+00    0.00000E+00    0.00000E+00    0.00000E+00    0.00000E+00    0.00000E+00    0.00000E+00
  490    1    0.00000E+00    0.00000E+00    0.00000E+00    0.00000E+00    0.00000E+00    0.00000E+00    0.00000E+00    0.00000E+00    0.00000E+00
  491    1    0.00000E+00    0.00000E+00    0.00000E+00    0.00000E+00    0.00000E+00    0.00000E+00    0.00000E+00    0.00000E+00    0.00000E+00
  492    1    0.00000E+00    0.00000E+00    0.00000E+00    0.00000E+00    0.00000E+00    0.00000E+00    0.00000E+00    0.00000E+00    0.00000E+00
  493    1    0.00000E+00    0.00000E+00    0.00000E+00    0.00000E+00    0.00000E+00    0.00000E+00    0.00000E+00    0.00000E+00    0.00000E+00
  494    1    0.00000E+00    0.00000E+00    0.00000E+00    0.00000E+00    0.00000E+00    0.00000E+00    0.00000E+00    0.00000E+00    0.00000E+00
  495    1    0.00000E+00    0.00000E+00    0.00000E+00    0.00000E+00    0.00000E+00    0.00000E+00    0.00000E+00    0.00000E+00    0.00000E+00
  496    1    0.00000E+00    0.00000E+00    0.00000E+00    0.00000E+00    0.00000E+00    0.00000E+00    0.00000E+00    0.00000E+00    0.00000E+00
  497    1    0.00000E+00    0.00000E+00    0.00000E+00    0.00000E+00    0.00000E+00    0.00000E+00    0.00000E+00    0.00000E+00    0.00000E+00
  498    1    0.00000E+00    0.00000E+00    0.00000E+00    0.00000E+00    0.00000E+00    0.00000E+00    0.00000E+00    0.00000E+00    0.00000E+00
  499    1    0.00000E+00    0.00000E+00    0.00000E+00    0.00000E+00    0.00000E+00    0.00000E+00    0.00000E+00    0.00000E+00    0.00000E+00
  500    1    0.00000E+00    0.00000E+00    0.00000E+00    0.00000E+00    0.00000E+00    0.00000E+00    0.00000E+00    0.00000E+00    0.00000E+00
